# JRE version: Java(TM) SE Runtime Environment (8.0_151-b12) (build 1.8.0_151-b12)
# Java VM: Java HotSpot(TM) 64-Bit Server VM (25.151-b12 mixed mode windows-amd64 compressed oops)
Heap:
 PSYoungGen      total 105472K, used 47262K [0x00000000d5f00000, 0x00000000dd380000, 0x0000000100000000)
  eden space 94720K, 39% used [0x00000000d5f00000,0x00000000d8334a38,0x00000000dbb80000)
  from space 10752K, 94% used [0x00000000dc700000,0x00000000dd0f2f30,0x00000000dd180000)
  to   space 11776K, 0% used [0x00000000dbb80000,0x00000000dbb80000,0x00000000dc700000)
 ParOldGen       total 61952K, used 12717K [0x0000000081c00000, 0x0000000085880000, 0x00000000d5f00000)
  object space 61952K, 20% used [0x0000000081c00000,0x000000008286b578,0x0000000085880000)
 Metaspace       used 33181K, capacity 33588K, committed 33920K, reserved 1079296K
  class space    used 4069K, capacity 4210K, committed 4224K, reserved 1048576K
GC Heap History (10 events):
Event: 1.813 GC heap before
{Heap before GC invocations=3 (full 0):
 PSYoungGen      total 38400K, used 38385K [0x00000000d5f00000, 0x00000000daa00000, 0x0000000100000000)
  eden space 33280K, 100% used [0x00000000d5f00000,0x00000000d7f80000,0x00000000d7f80000)
  from space 5120K, 99% used [0x00000000d8480000,0x00000000d897c738,0x00000000d8980000)
  to   space 5120K, 0% used [0x00000000d7f80000,0x00000000d7f80000,0x00000000d8480000)
 ParOldGen       total 87552K, used 2536K [0x0000000081c00000, 0x0000000087180000, 0x00000000d5f00000)
  object space 87552K, 2% used [0x0000000081c00000,0x0000000081e7a128,0x0000000087180000)
 Metaspace       used 18951K, capacity 19174K, committed 19328K, reserved 1067008K
  class space    used 2290K, capacity 2372K, committed 2432K, reserved 1048576K
Event: 1.826 GC heap after
Heap after GC invocations=3 (full 0):
 PSYoungGen      total 38400K, used 5104K [0x00000000d5f00000, 0x00000000daa00000, 0x0000000100000000)
  eden space 33280K, 0% used [0x00000000d5f00000,0x00000000d5f00000,0x00000000d7f80000)
  from space 5120K, 99% used [0x00000000d7f80000,0x00000000d847c010,0x00000000d8480000)
  to   space 5120K, 0% used [0x00000000da500000,0x00000000da500000,0x00000000daa00000)
 ParOldGen       total 87552K, used 4493K [0x0000000081c00000, 0x0000000087180000, 0x00000000d5f00000)
  object space 87552K, 5% used [0x0000000081c00000,0x0000000082063470,0x0000000087180000)
 Metaspace       used 18951K, capacity 19174K, committed 19328K, reserved 1067008K
  class space    used 2290K, capacity 2372K, committed 2432K, reserved 1048576K
}
Event: 2.266 GC heap before
{Heap before GC invocations=4 (full 0):
 PSYoungGen      total 38400K, used 27843K [0x00000000d5f00000, 0x00000000daa00000, 0x0000000100000000)
  eden space 33280K, 68% used [0x00000000d5f00000,0x00000000d7534fa0,0x00000000d7f80000)
  from space 5120K, 99% used [0x00000000d7f80000,0x00000000d847c010,0x00000000d8480000)
  to   space 5120K, 0% used [0x00000000da500000,0x00000000da500000,0x00000000daa00000)
 ParOldGen       total 87552K, used 4493K [0x0000000081c00000, 0x0000000087180000, 0x00000000d5f00000)
  object space 87552K, 5% used [0x0000000081c00000,0x0000000082063470,0x0000000087180000)
 Metaspace       used 20861K, capacity 21086K, committed 21296K, reserved 1069056K
  class space    used 2527K, capacity 2600K, committed 2688K, reserved 1048576K
Event: 2.281 GC heap after
Heap after GC invocations=4 (full 0):
 PSYoungGen      total 71680K, used 5088K [0x00000000d5f00000, 0x00000000daa00000, 0x0000000100000000)
  eden space 66560K, 0% used [0x00000000d5f00000,0x00000000d5f00000,0x00000000da000000)
  from space 5120K, 99% used [0x00000000da500000,0x00000000da9f8040,0x00000000daa00000)
  to   space 5120K, 0% used [0x00000000da000000,0x00000000da000000,0x00000000da500000)
 ParOldGen       total 87552K, used 6699K [0x0000000081c00000, 0x0000000087180000, 0x00000000d5f00000)
  object space 87552K, 7% used [0x0000000081c00000,0x000000008228aee8,0x0000000087180000)
 Metaspace       used 20861K, capacity 21086K, committed 21296K, reserved 1069056K
  class space    used 2527K, capacity 2600K, committed 2688K, reserved 1048576K
}
Event: 2.281 GC heap before
{Heap before GC invocations=5 (full 1):
 PSYoungGen      total 71680K, used 5088K [0x00000000d5f00000, 0x00000000daa00000, 0x0000000100000000)
  eden space 66560K, 0% used [0x00000000d5f00000,0x00000000d5f00000,0x00000000da000000)
  from space 5120K, 99% used [0x00000000da500000,0x00000000da9f8040,0x00000000daa00000)
  to   space 5120K, 0% used [0x00000000da000000,0x00000000da000000,0x00000000da500000)
 ParOldGen       total 87552K, used 6699K [0x0000000081c00000, 0x0000000087180000, 0x00000000d5f00000)
  object space 87552K, 7% used [0x0000000081c00000,0x000000008228aee8,0x0000000087180000)
 Metaspace       used 20861K, capacity 21086K, committed 21296K, reserved 1069056K
  class space    used 2527K, capacity 2600K, committed 2688K, reserved 1048576K
Event: 2.334 GC heap after
Heap after GC invocations=5 (full 1):
 PSYoungGen      total 71680K, used 0K [0x00000000d5f00000, 0x00000000daa00000, 0x0000000100000000)
  eden space 66560K, 0% used [0x00000000d5f00000,0x00000000d5f00000,0x00000000da000000)
  from space 5120K, 0% used [0x00000000da500000,0x00000000da500000,0x00000000daa00000)
  to   space 5120K, 0% used [0x00000000da000000,0x00000000da000000,0x00000000da500000)
 ParOldGen       total 61952K, used 7254K [0x0000000081c00000, 0x0000000085880000, 0x00000000d5f00000)
  object space 61952K, 11% used [0x0000000081c00000,0x0000000082315b10,0x0000000085880000)
 Metaspace       used 20861K, capacity 21086K, committed 21296K, reserved 1069056K
  class space    used 2527K, capacity 2600K, committed 2688K, reserved 1048576K
}
Event: 3.793 GC heap before
{Heap before GC invocations=6 (full 1):
 PSYoungGen      total 71680K, used 66560K [0x00000000d5f00000, 0x00000000daa00000, 0x0000000100000000)
  eden space 66560K, 100% used [0x00000000d5f00000,0x00000000da000000,0x00000000da000000)
  from space 5120K, 0% used [0x00000000da500000,0x00000000da500000,0x00000000daa00000)
  to   space 5120K, 0% used [0x00000000da000000,0x00000000da000000,0x00000000da500000)
 ParOldGen       total 61952K, used 7254K [0x0000000081c00000, 0x0000000085880000, 0x00000000d5f00000)
  object space 61952K, 11% used [0x0000000081c00000,0x0000000082315b10,0x0000000085880000)
 Metaspace       used 26423K, capacity 26756K, committed 27008K, reserved 1073152K
  class space    used 3240K, capacity 3337K, committed 3456K, reserved 1048576K
Event: 3.811 GC heap after
Heap after GC invocations=6 (full 1):
 PSYoungGen      total 71680K, used 5095K [0x00000000d5f00000, 0x00000000dd180000, 0x0000000100000000)
  eden space 66560K, 0% used [0x00000000d5f00000,0x00000000d5f00000,0x00000000da000000)
  from space 5120K, 99% used [0x00000000da000000,0x00000000da4f9ec0,0x00000000da500000)
  to   space 10752K, 0% used [0x00000000dc700000,0x00000000dc700000,0x00000000dd180000)
 ParOldGen       total 61952K, used 12709K [0x0000000081c00000, 0x0000000085880000, 0x00000000d5f00000)
  object space 61952K, 20% used [0x0000000081c00000,0x0000000082869578,0x0000000085880000)
 Metaspace       used 26423K, capacity 26756K, committed 27008K, reserved 1073152K
  class space    used 3240K, capacity 3337K, committed 3456K, reserved 1048576K
}
Event: 4.797 GC heap before
{Heap before GC invocations=7 (full 1):
 PSYoungGen      total 71680K, used 71655K [0x00000000d5f00000, 0x00000000dd180000, 0x0000000100000000)
  eden space 66560K, 100% used [0x00000000d5f00000,0x00000000da000000,0x00000000da000000)
  from space 5120K, 99% used [0x00000000da000000,0x00000000da4f9ec0,0x00000000da500000)
  to   space 10752K, 0% used [0x00000000dc700000,0x00000000dc700000,0x00000000dd180000)
 ParOldGen       total 61952K, used 12709K [0x0000000081c00000, 0x0000000085880000, 0x00000000d5f00000)
  object space 61952K, 20% used [0x0000000081c00000,0x0000000082869578,0x0000000085880000)
 Metaspace       used 28429K, capacity 28684K, committed 29056K, reserved 1075200K
  class space    used 3500K, capacity 3605K, committed 3712K, reserved 1048576K
Event: 4.813 GC heap after
Heap after GC invocations=7 (full 1):
 PSYoungGen      total 105472K, used 10187K [0x00000000d5f00000, 0x00000000dd380000, 0x0000000100000000)
  eden space 94720K, 0% used [0x00000000d5f00000,0x00000000d5f00000,0x00000000dbb80000)
  from space 10752K, 94% used [0x00000000dc700000,0x00000000dd0f2f30,0x00000000dd180000)
  to   space 11776K, 0% used [0x00000000dbb80000,0x00000000dbb80000,0x00000000dc700000)
 ParOldGen       total 61952K, used 12717K [0x0000000081c00000, 0x0000000085880000, 0x00000000d5f00000)
  object space 61952K, 20% used [0x0000000081c00000,0x000000008286b578,0x0000000085880000)
 Metaspace       used 28429K, capacity 28684K, committed 29056K, reserved 1075200K
  class space    used 3500K, capacity 3605K, committed 3712K, reserved 1048576K
}

